<?xml version="1.0" encoding="UTF-8"?>
<!-- Generated by org.testng.reporters.JUnitReportReporter -->
<testsuite hostname="DESKTOP-3GED98T" failures="0" tests="1" name="testclasess.Logintest" time="9.992" errors="0" timestamp="02 Aug 2022 18:14:47 GMT" skipped="0">
  <testcase classname="testclasess.Logintest" name="testCase1" time="9.992"/>
</testsuite> <!-- testclasess.Logintest -->
